
2020-05-30 13:30:42 ERROR AccountController: AAAA
2020-05-30 13:30:44 ERROR QuizController: 
null
2020-05-30 13:31:17 ERROR AccountController: AAAA
2020-05-30 13:31:19 ERROR QuizController: 
null
2020-05-30 13:33:08 ERROR AccountController: AAAA
2020-05-30 13:33:11 ERROR QuizController: 
null
2020-05-30 13:33:55 ERROR AccountController: AAAA
2020-05-30 13:33:57 ERROR QuizController: 
null
2020-05-30 13:34:29 ERROR AccountController: AAAA
2020-05-30 13:35:48 ERROR AccountController: AAAA
2020-05-30 13:36:47 ERROR AccountController: AAAA
2020-05-30 13:36:49 ERROR QuizController: 
null
2020-05-30 13:37:29 ERROR AccountController: AAAA
2020-05-30 13:37:42 ERROR QuizController: 
For input string: ""
2020-05-30 13:38:37 ERROR AccountController: AAAA
2020-05-30 13:44:05 ERROR AccountController: AAAA
2020-05-30 13:44:37 ERROR AccountController: AAAA
2020-05-30 13:49:29 ERROR AccountController: AAAA
2020-05-30 13:50:38 ERROR AccountController: AAAA
2020-05-30 13:51:22 ERROR AccountController: AAAA
2020-05-30 13:52:02 ERROR AccountController: AAAA
2020-05-30 16:20:46 ERROR AccountController: AAAA
2020-05-30 16:21:30 ERROR AccountController: AAAA
2020-05-30 16:22:41 ERROR AccountController: AAAA
2020-05-30 16:23:22 ERROR AccountController: AAAA
2020-05-30 16:23:25 ERROR AccountController: AAAA
2020-05-30 16:24:53 ERROR AccountController: AAAA
2020-05-30 16:25:16 ERROR AccountController: AAAA
2020-05-30 16:25:19 ERROR AccountController: AAAA
2020-05-30 16:26:07 ERROR AccountController: AAAA
2020-05-30 16:26:24 ERROR AccountController: AAAA
2020-05-30 16:27:31 ERROR AccountController: AAAA
2020-05-30 16:27:55 ERROR AccountController: AAAA
2020-05-30 16:30:35 ERROR AccountController: AAAA
2020-05-30 16:31:28 ERROR AccountController: AAAA
2020-05-30 16:31:31 ERROR AccountController: AAAA
2020-05-30 16:31:43 ERROR AccountController: AAAA
2020-05-30 16:31:46 ERROR AccountController: AAAA
2020-05-30 16:33:55 ERROR AccountController: AAAA
2020-05-30 16:33:57 ERROR AccountController: AAAA
2020-05-30 16:34:21 ERROR AccountController: AAAA
2020-05-30 16:34:24 ERROR AccountController: AAAA
2020-05-30 16:35:11 ERROR AccountController: AAAA
2020-05-30 16:35:15 ERROR AccountController: AAAA
2020-05-30 16:35:24 ERROR AccountController: AAAA
2020-05-30 16:35:27 ERROR AccountController: AAAA
2020-05-30 16:42:43 ERROR AccountController: AAAA
2020-05-30 16:43:36 ERROR AccountController: AAAA
2020-05-30 16:44:11 ERROR AccountController: AAAA
2020-05-30 16:45:21 ERROR AccountController: AAAA
2020-05-30 16:46:23 ERROR QuizController: 
null
2020-05-30 16:46:24 ERROR QuizController: 
null
2020-05-30 16:46:25 ERROR QuizController: 
null
2020-05-30 16:46:26 ERROR QuizController: 
null
2020-05-30 16:46:27 ERROR QuizController: 
null
2020-05-30 16:46:29 ERROR QuizController: 
null
2020-05-30 16:46:30 ERROR QuizController: 
null
2020-05-30 16:46:31 ERROR QuizController: 
null
2020-05-30 16:46:32 ERROR QuizController: 
null
2020-05-30 16:46:33 ERROR QuizController: 
null
2020-05-30 16:46:34 ERROR QuizController: 
null
2020-05-30 16:46:35 ERROR QuizController: 
null
2020-05-30 16:46:36 ERROR QuizController: 
null
2020-05-30 16:46:37 ERROR QuizController: 
null
2020-05-30 16:46:38 ERROR QuizController: 
null
2020-05-30 16:47:07 ERROR AccountController: AAAA
2020-05-30 16:48:10 ERROR QuizController: 
null
2020-05-30 16:48:11 ERROR QuizController: 
null
2020-05-30 16:48:12 ERROR QuizController: 
null
2020-05-30 16:48:13 ERROR QuizController: 
null
2020-05-30 16:48:14 ERROR QuizController: 
null
2020-05-30 16:48:15 ERROR QuizController: 
null
2020-05-30 16:51:49 ERROR AccountController: AAAA
2020-05-30 16:52:52 ERROR QuizController: 
null
2020-05-30 16:52:53 ERROR QuizController: 
null
2020-05-30 16:52:54 ERROR QuizController: 
null
2020-05-30 16:52:55 ERROR QuizController: 
null
2020-05-30 16:52:56 ERROR QuizController: 
null
2020-05-30 16:52:57 ERROR QuizController: 
null
2020-05-30 16:52:58 ERROR QuizController: 
null
2020-05-30 16:52:59 ERROR QuizController: 
null
2020-05-30 16:53:00 ERROR QuizController: 
null
2020-05-30 16:53:01 ERROR QuizController: 
null
2020-05-30 16:53:03 ERROR QuizController: 
null
2020-05-30 16:53:04 ERROR QuizController: 
null
2020-05-30 16:53:05 ERROR QuizController: 
null
2020-05-30 16:53:06 ERROR QuizController: 
null
2020-05-30 16:53:07 ERROR QuizController: 
null
2020-05-30 16:53:08 ERROR QuizController: 
null
2020-05-30 17:00:36 ERROR AccountController: AAAA
2020-05-30 17:01:38 ERROR QuizController: 
null
2020-05-30 17:01:39 ERROR QuizController: 
null
2020-05-30 17:01:41 ERROR QuizController: 
null
2020-05-30 17:01:42 ERROR QuizController: 
null
2020-05-30 17:01:43 ERROR QuizController: 
null
2020-05-30 17:01:44 ERROR QuizController: 
null
2020-05-30 17:01:45 ERROR QuizController: 
null
2020-05-30 17:01:46 ERROR QuizController: 
null
2020-05-30 17:02:21 ERROR AccountController: AAAA
2020-05-30 17:03:23 ERROR QuizController: 
null
2020-05-30 17:03:24 ERROR QuizController: 
null
2020-05-30 17:03:25 ERROR QuizController: 
null
2020-05-30 17:03:26 ERROR QuizController: 
null
2020-05-30 17:03:27 ERROR QuizController: 
null
2020-05-30 17:04:12 ERROR AccountController: AAAA
2020-05-30 17:05:14 ERROR AccountController: 
null
2020-05-30 18:37:49 ERROR AccountController: AAAA
2020-05-30 18:43:09 ERROR AccountController: AAAA
2020-05-30 18:43:39 ERROR AccountController: AAAA
2020-05-30 18:44:48 ERROR AccountController: AAAA
2020-05-30 19:32:16 ERROR AccountController: AAAA
2020-05-30 19:32:39 ERROR AccountController: AAAA
2020-05-30 19:32:41 ERROR AccountController: AAAA
2020-05-30 19:32:52 ERROR AccountController: AAAA
2020-05-30 19:42:31 ERROR AccountController: AAAA
2020-05-31 10:24:20 ERROR AccountController: AAAA
2020-05-31 10:26:29 ERROR AccountController: AAAA
2020-05-31 10:26:51 ERROR AccountController: AAAA
2020-06-01 12:24:51 ERROR AccountController: AAAA
2020-06-01 13:51:21 ERROR AccountController: AAAA
2020-06-01 13:51:24 ERROR AccountController: AAAA
2020-06-01 13:51:26 ERROR AccountController: AAAA
2020-06-01 13:54:21 ERROR AccountController: AAAA
2020-06-01 14:14:14 ERROR AccountController: AAAA
2020-06-01 14:15:29 ERROR AccountController: AAAA
2020-06-01 14:16:18 ERROR AccountController: AAAA
2020-06-01 14:31:06 ERROR AccountController: AAAA
2020-06-01 15:56:08 ERROR AccountController: AAAA
2020-06-02 13:28:26 ERROR AccountController: 
Index: 1, Size: 1
2020-06-02 13:28:29 ERROR AccountController: 
Index: 1, Size: 1
2020-06-02 16:01:20 ERROR AccountController: 
Cannot get a connection, general error
2020-06-02 21:53:03 ERROR AccountController: 
null
2020-06-02 21:53:06 ERROR AccountController: 
null
2020-06-02 21:53:08 ERROR AccountController: 
null
